3226
3220
3450
3303
3303
3242
3355
9386
3435
3281
3323
3257
3194
3198
3198
3170
3412
3198
3468
3246
3281
4660
3218
3368
3811
3809
3283
3435
3238
3247
3750
3193
3662
3265
3093
3976
3368
3304
3337
3435
3493
3246
3262
4116
3294
3493
3668
6914
3230
3303
3635
6635
3239
3369
3703
3304
3634
3220
3287
6000
4779
5101
3495
3281
3589
3495
7906
3302
3750
3511
3407
3198
3281
4963
3668
3189
4116
3346
3355
4750
4821
3323
4350
3246
3589
3161
3746
7906
3238
3876
3230
3590
3323
3198
6635
3198
3302
6172
3220
3435
3642
5106
6405
3811
3215
4119
3247
3189
3189
3220
4116
3198
3219
3198
3811
3173
3323
3234
3238
3344
3266
6635
3435
3193
8258
3198
3350
3198
3900
3381
3507
6338
3307
3189
3809
3198
3198
3224
3435
3303
3776
3293
4235
3246
6635
3405
3703
3192
3655
3189
3381
3302
5996
3276
3365
3849
3269
3302
3198
3302
3495
3665
3591
4874
3369
3247
3303
3198
3287
3255
3198
3230
3238
3192
4779
3389
2263
3647
3198
4116
3195
3246
3220
3189
3435
3421
3337
3347
3255
3195
3507
3220
4373
3389
3269
3860
3390
3192
4971
3274
3238
3281
6338
3230
3302
3198
3223
3195
3589
3304
3337
507
3412
3198
4963
3218
3435
3287
3276
6116
7255
3111
3524
3304
3266
3198
3381
5101
3198
3247
7032
4776
3600
3155
3238
3405
3851
3401
5163
3668
3743
3851
3258
3589
3134
3304
3198
3198
3302
3435
3266
5101
7050
4776
3048
3193
4874
3238
3809
3218
3193
4045
4779
5774
3435
3381
3407
3396
3809
3323
6172
3293
3321
3520
3266
3679
3254
3389
3192
3276
3266
3307
3281
3198
3266
3218
3507
3168
3776
3302
3220
3570
3938
3312
3246
3198
3195
3281
3396
3276
3230
3493
3205
3178
3679
3287
3589
3241
5500
3258
3405
3252
3412
3562
3303
3495
3665
3776
3312
3591
3239
3993
3976
4350
3170
3264
3743
3323
7032
3198
3743
3203
3679
3198
3435
1659
3302
3347
3323
3193
3412
3776
3194
3316
3257
3589
3598
3281
3304
3266
3495
3283
3562
3860
3316
3246
3391
3302
3435
3194
3389
3439
3224
3355
3384
3776
3493
3192
3195
3809
3435
3198
3203
3195
3608
3394
3665
3304
5101
3743
3347
3876
3198
3703
3273
3421
3495
3811
3323
3665
3347
3668
3589
3303
3239
3520
3809
3198
3493
3178
3347
3238
4776
3495
3347
3303
3562
4695
3302
3239
3750
3203
3227
3302
3303
3368
3198
3598
3350
3257
3481
3238
5170
3243
3175
3598
3198
3346
5996
3843
3230
3589
3193
3243
3508
3608
7688
3219
3230
3287
3381
3230
3412
3369
3269
3668
3294
3195
3421
3243
3860
3811
4874
3195
3220
3665
3258
3276
3304
3255
3679
3590
3193
3312
3218
3321
0
3291
3198
3264
3776
3108
7906
3198
3219
3750
3381
3255
3809
3337
3586
3219
3369
3238
3435
3355
3589
3302
3668
3435
3570
3133
4343
3655
3266
3570
3570
3198
3590
4874
3591
7032
3220
3435
4963
3972
3238
3189
3230
3294
3468
3230
3421
4145
3215
3238
3302
3303
3241
3195
3746
3307
4045
3849
4145
3303
3193
3365
3843
3468
3218
3679
3337
3405
3524
3347
3589
3246
3811
3168
3642
3266
3421
3220
3238
3198
3266
3218
3776
3198
3321
3435
3647
3239
3238
3635
3246
3302
4251
3281
3746
3900
3198
3198
3570
3203
6635
3093
3355
3230
5320
3304
3185
3635
3302
4235
7688
3193
4235
6635
8362
3642
3346
4874
4874
3435
3346
6000
3849
3344
3255
3246
4587
3860
3302
3304
3589
3193
3860
4350
3193
3435
7906
3281
4453
3323
3323
3347
3435
3242
3407
5320
3203
3976
3811
3242
3323
3302
3238
4779
3598
3381
3198
3589
3809
3665
3301
3776
3265
3389
3855
3667
3302
3381
3284
3435
3435
3234
3972
3703
3396
3679
3368
3265
3203
3570
7032
4750
3381
3238
3234
3344
3750
3198
5812
3589
4235
3435
3468
3369
3246
3273
3198
3243
3198
7228
3739
3303
3281
3407
3652
3435
3381
3192
3750
3445
3239
3284
4660
3302
3230
3776
5320
3608
3464
3304
3750
3391
3230
6635
3608
3246
3198
5170
4750
5170
3900
3323
4956
3347
3507
3203
4145
3312
3255
3100
3421
4776
3302
3302
3302
3407
3302
3307
6405
6338
3243
3195
3178
3776
3246
7255
3238
5812
3198
4821
5163
3350
3369
3435
3381
3189
3178
3776
6405
3246
3391
3976
3281
3886
3876
3391
4874
3703
3454
3355
3703
4045
6549
9191
3198
3281
3851
3241
3598
3507
3189
3243
3175
3569
3323
3257
3238
3247
3223
3394
6116
3435
3193
3389
3435
3284
3570
3368
3860
3303
3750
3876
3435
3481
3281
3524
3303
3303
3243
3776
3164
3230
3255
4660
3665
3811
3743
3468
3164
3238
3743
3811
3381
3304
3230
3396
3198
3307
3776
3203
3303
3350
3239
3642
5163
3381
3198
3265
3304
3258
3421
3223
3255
3198
3412
5170
3246
3507
3439
3976
3323
3405
3321
3230
3230
3323
3281
3198
3520
3667
3435
4874
3198
3608
3520
3344
3198
3193
4874
3230
3507
3224
3569
3437
3205
3739
3302
3194
3598
3302
4259
3743
3809
6338
3220
3860
4045
3287
3507
3662
3323
3302
3437
3255
3876
3301
3198
3337
3468
3608
3283
3198
3323
3809
3195
3220
3642
3405
3198
3811
3598
7255
3346
3435
3230
3246
4750
3743
3193
3811
3198
7228
3776
3369
3291
3302
3589
6222
4661
3586
3886
3481
3381
3287
3680
3257
3198
3198
3655
3230
3703
3230
3198
3226
3851
3394
3293
3481
3450
3198
3281
3281
3976
3220
3203
3401
3435
3269
3776
3247
3281
3598
3246
3495
3435
3247
3782
3589
3284
4116
3307
3301
3876
3218
3243
3255
3246
5320
3198
3851
3198
3218
3524
3743
3739
3239
3219
3776
3976
3743
4700
3266
3173
3198
3524
3173
3304
3350
4874
3368
3223
3198
3642
3464
3303
2202
3809
3198
3219
3192
3703
3194
3323
3368
3198
3198
3281
3347
3195
3993
3590
3900
3608
3743
3589
3265
3809
3230
3680
5092
7688
5092
3750
3508
3220
4453
3307
3347
3215
3243
3193
3303
3218
3243
3435
3481
4145
9010
5932
3900
3302
3218
3220
3223
3218
3750
3262
3680
3750
3369
3437
3435
4119
3198
3276
3302
3303
3220
3665
3302
3302
3246
3198
3292
3203
3900
3435
7228
3679
3302
3205
3257
3192
3192
3281
3198
3189
3665
3189
3401
3189
3255
3246
7906
3238
3287
3293
3668
3401
3511
3809
3226
3061
3323
3312
3662
3195
4235
3407
3608
3465
3276
3598
3193
3680
3750
3218
5220
3993
3495
3369
4971
3238
3173
3255
3312
3439
3220
3851
3381
3389
3281
3220
4971
3287
3412
3703
3281
4785
3242
3586
4373
3680
3569
3198
4971
3524
3198
3346
3405
3194
3598
3189
3198
3776
3234
3301
4259
3185
4874
3247
3886
3238
3195
3220
3347
3189
5092
3809
8258
3203
3381
3394
3508
3302
3198
4779
3481
3776
3304
3246
3481
3198
3133
3218
3224
3591
3435
3481
3304
3365
3435
3589
3680
3435
3194
3218
3743
3390
3198
3452
3193
3303
3435
3198
3703
3355
3507
3381
3189
3381
3266
3111
3302
3570
3321
3223
3445
7255
3048
3647
3304
3193
3743
3394
3303
3198
3220
3031
3254
3283
3302
3189
3439
3246
3198
3468
3355
3198
3198
3303
3421
3303
3743
4350
3776
3193
3193
4145
3198
3876
3198
3198
3254
3307
3302
3303
3750
3323
3855
3283
3265
3570
3445
3524
3445
3349
3381
3405
3468
3198
4785
3304
4251
3238
3811
3193
3203
3365
3703
3269
6635
7032
3855
3598
3195
4259
3266
3635
3168
3468
3198
3570
3198
3287
3855
3520
3220
3843
3219
3569
3193
3381
3218
5101
3337
3849
3302
3247
3205
3283
3302
3255
3243
3192
4021
3520
3350
3369
3246
3238
3647
3481
3323
3198
3294
3220
4700
3811
4874
3281
3198
3860
3261
3218
3247
3679
3218
3743
3192
3164
3843
3193
3589
3281
3302
3481
3776
3193
3266
3889
3220
5500
3242
3347
3321
4661
3368
3238
3304
3255
3246
3302
3776
3195
3321
3215
3283
3809
3193
3303
3365
3230
3246
3281
3435
3776
3224
3679
4874
3743
3193
4116
3776
3303
3198
3680
3192
3224
3743
3189
3323
3254
4661
3972
3369
3266
3266
3239
3220
3193
3569
3205
3220
4373
3680
6338
3193
3223
3194
3281
3347
9386
3851
3435
3435
3507
3198
3445
4661
3337
3743
3520
3382
3680
3679
5996
3680
3586
3304
3304
3569
3238
3283
3421
5119
3450
3303
4776
3347
3381
3465
3493
3304
3192
4145
3661
3266
3876
3198
3304
3175
3303
3608
5163
3293
3570
3468
3900
3238
3520
3192
3703
3293
3508
3262
3220
3276
3291
3900
3304
3435
3976
4700
5027
3608
3281
3304
4373
3346
3193
3219
4157
3589
3302
3347
3347
5320
3589
3281
8258
3346
4235
3284
3246
3291
3703
5170
3220
3668
3435
5500
3809
3220
3281
3337
3198
3189
3369
3293
3886
3194
3312
3303
3435
3173
3347
3227
3900
4956
3283
3266
3598
3652
4343
3302
3198
3239
4660
3811
3355
3520
3220
3239
3381
3507
3900
3234
3346
3287
3195
3520
3203
3776
3323
5774
3198
3405
5106
3811
3439
3266
3437
3323
3935
3195
3192
3303
3435
3391
3347
3346
3381
3203
3284
3412
3238
3220
3642
3843
3435
3876
3468
3642
3589
3281
3381
3195
4116
4456
3302
3302
3465
8362
3247
9386
3642
3302
3302
3507
4157
3347
3193
3246
3302
3598
3230
3302
3381
3435
3287
3276
3401
3246
3381
4660
4776
3739
3198
3302
3273
3389
3589
3198
3255
3445
3445
3811
3198
3198
3346
3743
3255
3230
3192
3446
3234
817
3198
3435
3935
3478
3312
4350
3198
5932
3337
3368
3369
3223
3198
3321
3739
3452
3860
3195
7032
3743
3394
3266
3281
3246
3668
4661
3381
3303
5101
3238
3220
3198
3139
3195
3257
3589
4660
3257
3198
3369
3246
3193
3900
3266
3266
3355
3776
3435
4661
4963
3193
3369
3938
4235
6793
3303
3703
4632
3238
3192
3809
3220
3302
3255
4157
6859
3809
3507
5101
3349
4776
5101
3368
3635
3303
3876
3384
3507
3703
3198
4874
3394
3243
3855
3257
3809
3266
3743
3198
7050
3303
3495
3401
3238
3303
3394
3287
3234
3860
3198
3668
3193
3316
3743
3569
5812
3198
3276
3843
3323
3247
3223
5220
3384
3198
3381
6116
3302
3520
3302
5220
7032
3876
3238
3303
3468
3450
3405
3291
3302
3257
3173
3679
3220
3198
3665
3198
3303
3811
3743
3255
3198
3193
3203
3293
3189
3346
3452
4971
3435
3368
3507
3323
3281
3381
3203
3750
3668
3220
3198
3283
3524
3562
3655
7228
3195
3307
3647
3855
3173
3972
3265
3189
3230
3230
3750
3293
3876
3972
3241
3445
3238
3255
3493
3668
3401
3220
3435
4350
3776
3198
3337
4259
3302
3323
4021
3776
3281
3303
3346
3198
3570
3243
3782
4235
3223
3198
3811
3036
3302
3203
2024
3281
3323
3287
3198
5812
3439
3230
3220
3193
3255
3303
7688
3382
3323
6172
3192
3164
3421
3294
3303
3281
3198
4453
7228
3405
3195
0
4963
3198
3368
3302
3323
3465
9386
3246
3192
3381
3507
3668
3198
3394
3776
3195
3281
3346
3394
3238
3192
3230
3679
3668
3394
3193
3323
3238
3274
3168
3860
6793
3192
3312
3198
3435
3520
3218
3776
3168
3495
3173
4157
3703
3520
3276
3246
3743
3220
7688
3569
3493
3323
3283
3219
3257
3347
3284
3276
3703
3254
3743
4157
3255
3809
3589
3198
3589
4750
3860
3389
4157
3294
3226
8258
3703
4235
3668
3776
3281
6793
7688
5500
3220
3304
3238
3220
3377
3347
3050
4373
3220
3435
3337
3347
3468
3269
3219
3234
3230
3381
7255
3369
3381
5101
3220
3312
3284
3435
3241
3347
3198
3743
3194
3746
3876
3035
3346
3266
3198
3198
3302
3283
3198
3241
3743
3220
3194
3220
3238
3570
3241
3220
3401
3809
3570
7050
3239
3355
3246
1916
5163
3445
3435
4750
3590
3193
3507
6338
3281
3394
3589
3507
4251
3390
4456
4343
3569
3174
3507
3520
3198
3258
3743
3255
3405
3193
3435
3381
3703
3257
3347
4350
3193
3281
3809
4963
3401
4750
3743
3230
3193
3445
3586
3743
3811
3258
3591
3468
3493
3195
3215
3746
3193
3661
4755
3258
3009
3164
3223
3680
3355
3198
3230
3220
3266
3218
3876
3281
3230
3843
3589
3680
3668
3569
3287
3590
3809
3230
3198
3281
3198
3198
5128
3203
3193
3347
3304
3198
3064
3284
3350
3180
3195
3218
3239
3238
3369
3421
3246
3782
3679
3389
3198
3743
3600
3230
3976
3590
3435
3679
3303
4661
3346
3195
3321
3266
3652
3281
3381
3405
3247
3195
3776
3647
3220
3238
3198
3198
3193
3175
3524
3347
3257
6549
6338
3589
3266
3391
3412
3589
3368
3198
3811
3281
3246
3218
3203
4776
4874
3303
3468
4776
3635
4971
3255
3302
3776
3303
3230
3195
3776
3381
3255
3369
3194
3679
4186
3316
5932
3246
3193
3203
3246
3293
6865
3590
3168
3589
3168
3203
3230
3203
3287
3198
3665
3350
3281
3312
3391
3266
3238
3198
3224
3590
3189
3193
3198
3739
4776
3198
3809
3193
3337
3365
3189
3665
5101
5774
3195
3303
3495
3238
3312
3198
3511
3680
3287
3524
3302
3809
4660
3481
3750
3304
3302
3389
3168
3198
3655
3570
3198
3304
3261
3189
3589
3238
3337
3381
3284
3281
3662
3347
3668
3238
3435
3381
10478
3450
3346
3365
3589
3301
3900
3238
3507
3312
3355
3246
3323
3224
6172
3156
4779
3886
3302
3776
4343
3241
3284
3254
3281
3855
3198
3562
3238
3198
5170
3083
3281
