3080
3041
3080
3135
3155
3080
3041
3120
3152
3093
3080
3080
3015
3015
3080
3080
3053
3080
3038
3046
3105
3074
1153
3080
3099
3845
3189
3105
3298
3382
3080
3120
3080
3120
3080
3099
3135
3099
3256
3015
3633
4385
4385
3361
3484
3080
3093
3041
3080
3105
4385
3120
3048
3080
3105
3523
3099
3080
3135
3074
3080
3067
3155
3309
3080
3053
3053
3135
3080
3080
3053
3309
3155
3093
3093
3059
3105
3074
3309
3067
3080
3099
3053
3053
3093
3309
3080
3135
1088
4173
3116
3155
3484
3135
3080
3080
3309
3845
3053
3523
3135
4173
3152
3298
4044
3162
3189
3298
3093
3067
3080
3067
3080
3189
3155
3155
3099
3105
3080
3256
3075
3105
3099
4173
3105
3155
3105
3080
3080
3105
3099
3152
3093
3146
2546
3105
3298
3155
3080
3093
3018
3135
3059
3080
3163
2908
3135
3105
4385
3074
3080
3152
3146
3708
3067
3152
3708
3093
3105
3120
3053
3059
3163
3105
3080
3298
3080
3080
3163
3041
3120
3158
4044
3080
3075
3120
3093
3382
3074
3053
3120
3053
3093
3080
3155
3299
3309
3361
3309
3685
3189
3382
3708
3093
3155
3080
3163
3053
3135
3155
3015
3135
3080
3099
3080
3080
3080
3120
3309
3080
3093
3116
3309
3093
3080
3116
3120
3685
3116
3080
3048
3382
3146
3074
3005
3105
3080
3298
3080
3152
3080
3080
3155
3163
3105
3163
3120
3080
3080
3027
3048
3067
3080
3135
3105
3080
3189
3099
3105
3080
3155
3080
3105
3048
3120
3053
3256
3048
3507
3053
4044
2928
4385
3163
3361
3105
3168
4385
3685
3080
2145
3189
3048
3080
3105
3163
3093
3080
4385
3441
2319
3685
3105
3099
3163
3080
3080
3116
3067
3256
3120
3120
3162
3075
3080
3685
3120
3080
3080
3361
3080
3116
3080
4044
3162
3080
4385
3074
3080
3075
3309
3120
3146
3053
3080
3163
3105
4385
3484
4385
3135
3105
3053
3080
3080
3484
3093
3080
3845
3146
3053
3155
3155
3309
3163
3105
3080
3080
3080
3080
3099
3105
3135
3099
3049
3080
3361
3523
3152
3298
3080
3080
3080
3163
3105
3059
3155
3685
3152
3146
3080
3168
3099
4385
5475
3080
5475
3163
3105
3080
3120
3080
3116
3189
3163
3155
3120
3309
3135
3053
3080
3080
3708
3146
3685
3146
3309
3146
3120
3189
3080
3120
3053
4385
3080
3093
3099
3080
3163
3080
3120
3158
3080
3105
3146
3708
2471
3135
3120
3155
3105
3146
3298
3105
3080
3507
3105
3155
3105
3168
3708
3146
4044
3046
3484
3080
4385
3484
3146
3256
3484
1546
3053
3080
3155
3256
3053
3135
3155
3256
3155
3067
3075
3041
3080
3168
3298
3155
2908
3146
1299
3052
3256
4385
3135
3135
3155
3361
3523
3120
3116
3155
3120
3441
3120
3053
3135
3105
3093
3080
3099
4385
3080
3168
1123
3135
3027
3298
3135
3105
3120
3080
3152
3048
3105
5475
3633
3135
3015
3080
3135
3053
3163
3135
3080
3116
3484
3135
0
5475
3075
3116
3041
2447
3080
3093
3059
3059
3135
3080
2386
3168
3135
3093
3048
3105
3059
3080
4385
3093
3309
3080
3116
3038
3484
3080
3093
3256
3309
3093
3309
3158
3048
3074
7795
3484
3256
3080
3168
3309
3080
3298
3093
3146
3155
7795
4044
3163
3080
4173
3075
3075
3074
7795
3633
3080
3080
3105
3116
3163
3041
2916
3189
3080
3053
2558
3163
3685
3120
3080
3105
3309
4385
3155
4385
3382
3105
3163
3075
3309
3080
3633
5475
7795
3080
2015
3099
3105
3146
3441
3048
3484
3116
3093
3382
3135
3135
3075
3116
3152
3105
3099
3080
3080
3105
2916
3059
3309
3120
3163
3120
4385
3080
3189
3093
3155
3093
3135
3080
3080
3067
3059
3053
3163
3845
3080
3708
3080
3080
3074
3080
3080
3105
3708
3309
3080
3053
3120
3135
3845
3080
3105
3080
3053
3099
3080
3135
3099
3080
3135
3298
3163
3163
3105
3041
3093
3080
3050
3093
3135
3099
3080
3105
3146
3038
3162
4044
3135
3053
3067
3163
2787
3135
3105
3135
3080
3484
3135
3361
3845
4385
3074
3135
3080
3484
2769
3116
3080
3080
3309
3053
3080
3074
3075
4385
3005
3080
3135
3155
3105
3080
3309
3048
3080
3155
3093
3105
3155
3080
3093
3080
3105
3080
3523
3135
4044
3053
3074
3105
3163
3105
4173
3152
3163
3116
3484
3067
3105
3067
3080
3080
3309
3155
3067
3155
3053
3155
3685
3074
3080
3163
3080
3163
3074
3053
3155
1737
4173
4173
3080
3685
2754
3099
3135
3093
3053
3080
3074
3053
3080
3155
3845
3053
3135
3299
3038
3080
4385
3146
3155
3135
3708
3080
3080
3067
3116
4385
2447
3708
3146
3053
3053
3158
3135
3523
3099
3189
3049
3309
3080
3080
3041
3189
3135
3155
3163
3708
3074
3189
3163
3105
3053
3633
3135
3162
3189
3105
3093
3158
2363
5475
3067
3298
3120
3105
3093
3080
3158
3120
3080
3685
3189
5475
3080
3309
3067
2928
3080
3053
3053
3080
3074
4044
3075
3298
3298
3105
3155
3080
3099
3093
3256
3053
3135
3105
3074
3146
4173
3027
3053
3080
4385
3189
3067
3189
2928
3299
3135
2665
3075
3116
3105
3093
3080
2769
3105
3116
3120
3053
3155
3018
3105
3299
3080
3048
3080
3189
3027
3080
3074
3075
3135
3053
3189
3158
3168
3080
3080
3067
3256
3080
3155
3708
3163
3080
3309
3080
3080
3105
3080
3484
3484
3067
4385
3152
3152
3080
3080
3120
3053
3120
3080
3105
3163
3080
3080
3075
3158
3116
3074
2015
3155
3163
3053
3155
3168
3708
3067
3080
3146
3120
3038
3120
3053
3080
3080
3050
3158
3105
3361
3080
3116
3361
3523
3135
3708
3093
2621
5475
3075
3120
3708
3120
3146
3120
3080
3309
4044
3708
1872
3080
3189
3256
3067
3105
3099
3146
3080
3135
3080
3067
3080
2108
3309
3053
3099
3155
3093
4173
3080
3135
3163
3135
3309
4385
3309
3484
3120
3080
4044
3067
3163
3105
5475
3298
3105
3135
3093
3155
3120
3053
3105
3163
3168
3093
3105
3048
3116
3120
3708
3120
3120
3120
3050
3309
3080
3685
3080
3080
3105
3080
3075
3105
3080
3093
3080
3080
3189
3708
3074
2621
3080
3120
3093
3080
3523
3053
3080
3059
3080
3105
3256
3361
3845
3845
3099
3298
3074
3298
3041
3074
3155
3080
3041
3163
3080
3155
3116
3523
3152
3099
3080
3053
3099
3074
3882
3080
3168
3523
3152
3027
3309
3015
3120
3146
3105
3135
3309
3105
3080
3163
2908
3093
3074
3163
3105
3523
3256
3155
3309
3484
4385
3155
3708
3155
3080
3080
3120
3074
3633
3845
3135
3146
3155
3309
3105
3093
3146
3361
4044
3105
3105
3080
3080
3038
3099
3049
3120
3080
3105
3441
3105
3163
3105
3298
3155
4385
3080
3093
3116
3080
3099
3074
3116
3309
3158
3074
3099
3309
3052
3146
3507
3309
3080
3116
3146
3146
3146
3080
3080
3080
3080
3298
3074
3080
2769
3105
3135
3080
3484
4173
3074
3163
3382
3135
3120
3163
3053
3053
3080
3155
3074
3080
3080
3105
3052
3080
3158
7795
3080
3080
3080
3155
3845
3163
3067
3708
3120
3049
3162
3080
3080
3120
3049
3038
3080
3050
3053
3080
3093
3099
3080
3523
3080
3080
3155
3105
3053
3074
3053
3135
3080
3049
3189
3046
4385
3080
3155
3080
3135
3093
3361
3633
3080
3163
3633
3189
3080
3093
3105
3075
3099
3080
3080
4385
4385
3155
3189
3105
3309
3155
3309
3135
3155
3075
3146
3146
3074
3067
3155
3080
3105
2908
4385
3053
3189
3163
3309
3882
3146
3053
3120
3080
3105
3299
3105
3080
3105
3155
3685
3155
3053
3005
3155
3152
3162
3080
3155
1859
3155
3507
3075
3155
3155
3080
3048
3189
3155
3135
3080
3080
3074
3048
3074
3708
3120
3146
3099
3155
3105
3050
3049
3155
3080
3158
3135
3484
3146
3080
3484
3052
3163
3146
3080
3120
3155
4385
4385
3053
3067
3382
3093
3163
3053
2569
3135
3298
3382
3116
3155
3080
3080
3155
3135
3048
3074
3053
3298
3135
3105
3080
3027
3105
3075
3080
3105
3120
3105
4044
3074
3163
3120
3067
3309
3074
3105
3053
4385
3080
3080
3155
3298
3046
3135
3053
3093
5475
3093
3080
3189
3080
3163
3120
3298
3074
3080
3080
3162
3309
3158
3067
3093
3049
3361
3093
3135
3135
3080
3053
5475
4173
3074
3027
3299
3135
4044
3067
4385
3189
3135
3080
3168
3080
3309
3155
3067
3120
3309
3080
3105
3155
9030
3080
4173
3523
3080
3080
3146
3120
3099
3146
3135
3845
3053
3135
3027
3080
3080
3120
3507
3135
3633
3099
3105
3053
3120
3080
3298
3507
3080
3080
7795
1905
3105
3135
3080
3120
3080
3099
3155
3080
3093
3135
3155
3146
3080
3120
3155
3080
3075
3298
3067
3080
3041
3099
3708
3080
3162
3155
3067
3135
3105
3163
2076
3080
3146
3099
3080
3093
3361
3080
3050
3361
3298
3080
3105
3099
3093
3155
3708
3067
3080
3093
3074
3155
3135
3080
3080
3155
3152
5475
3135
3484
0
3049
3163
3080
3298
3120
3093
3080
3155
3708
3845
2363
3523
3298
3708
3523
3484
3074
3080
3116
3105
1872
5475
3146
3135
4385
3105
3005
3163
3845
3105
3361
3120
3067
3093
3080
4385
3146
4385
3708
3309
4044
3135
3845
3099
3484
3080
3038
3163
3155
3382
3162
3189
3685
4173
3135
3074
3146
7795
3146
3189
3299
3099
3116
3189
3708
3155
3080
3163
3074
3048
3105
3105
3049
3633
3163
3080
3116
3105
3523
3053
3523
3484
3080
3080
3155
3080
3361
3105
4385
3080
3256
3155
3080
2908
3135
3484
3309
3163
3080
3155
3027
4385
3099
3080
3080
3845
3099
4385
3105
3361
3685
3099
3146
3135
3080
3041
3080
3105
3048
3074
3135
3120
3155
3080
3309
1350
3105
3685
3135
3135
3074
4385
3135
3146
3093
4385
3080
4385
3120
3080
3080
3053
3708
3105
3053
3053
3080
3158
3146
3080
3048
3116
3080
4385
3163
3120
3080
3105
3093
3053
3074
3080
3080
3309
3299
3080
3053
3105
3685
1721
4044
3105
3309
3152
3075
3099
3080
3155
3309
3309
3163
3105
3080
4044
3080
3152
3093
3633
3309
3168
3080
3155
3074
3309
3080
3105
3382
3116
3135
3053
3074
1422
3105
3105
3256
3080
2666
3155
3155
3163
3080
3099
3523
3075
3105
3074
3299
3120
3256
3080
3053
3155
3135
3015
3105
3099
3135
3120
3256
3080
3135
3116
3080
3116
3080
3041
3484
3120
3309
3116
3067
3053
3080
3309
3080
3080
3053
4173
3116
4385
3309
3158
3105
3053
3074
3080
3053
3163
3163
3163
3080
3116
3041
3080
2145
4044
2928
3685
3053
3135
3135
3146
3155
3080
0
3080
2316
3146
3155
3093
4044
3189
3015
9030
3105
3080
4044
3155
3080
3080
4385
3080
3361
3116
3105
3298
3484
3298
2908
3135
3309
3523
3027
3146
3080
3067
3309
3120
3135
3155
3105
4173
3309
3708
4385
3845
3441
3093
3361
3053
3099
3120
3155
3116
3080
3163
3080
3080
3080
3382
3105
3299
3135
3048
3105
3155
2769
3298
3080
3080
3053
3075
3080
3120
3382
3685
3075
3135
3146
3120
3361
3152
3155
3080
3093
3523
3158
3135
3135
3189
3361
3120
3146
3155
3120
3105
9030
3158
3685
3105
3155
3080
3163
3053
3256
3080
4385
3080
3155
3080
3105
3074
3309
3074
3484
3053
3105
3120
7795
3163
3155
3309
3163
3080
5475
3309
3120
3099
3080
3080
3382
3135
3074
3080
3163
3093
3067
3116
3105
3080
3309
3105
3093
3074
3015
3080
3067
3105
4173
3146
3074
4173
3299
3484
3163
4173
3048
3163
3080
3075
3093
3163
3135
3135
3080
3041
4385
3309
2267
3075
5475
3080
3080
3080
4385
3080
3708
3163
3105
3080
3080
2521
4173
3163
3146
3708
3155
3099
3135
3080
3080
3080
3053
3155
3105
3309
3135
3633
3168
3080
1786
3105
3120
3158
3135
3152
3158
3256
3093
3099
3135
3080
3080
3708
3099
3105
3135
3120
1585
3845
3080
3074
3080
3105
3105
4173
3067
3093
3080
3155
3053
3105
4044
3080
3120
3484
3152
3067
3080
3120
3080
3120
3361
3080
3093
3105
3163
3105
3120
3155
2916
3105
3080
3105
3080
3484
3093
3080
3105
3093
3155
3080
3080
3080
3299
3685
3309
3155
3105
3708
3080
3116
3152
3298
3093
3120
4385
3074
2226
3080
3845
3074
3120
3116
3093
3120
3080
739
3080
3074
3105
3163
3048
3155
3163
3256
3080
3093
3155
3120
3120
3099
3080
3163
3053
3074
3158
3080
3163
2652
3155
3105
4385
5475
3080
3080
3135
3049
3080
3053
3041
3080
3708
3155
3120
3080
3155
3080
3080
3309
3080
3158
3080
1786
3074
3120
3523
3050
3105
3162
3309
3146
3080
3080
3049
3708
3105
3523
3155
3080
3152
3484
3015
3155
3093
3158
3048
3105
3105
3309
3120
3155
3116
3155
3155
3048
3080
3067
3146
3099
3046
3080
3256
3155
3484
3105
3074
3189
3048
3080
3135
3120
3093
3105
3116
3053
3146
3152
3299
3080
3105
3163
3093
3163
3163
3041
0
3298
3080
3080
3135
3507
3041
3105
3155
3075
3053
3685
3053
3135
3067
3080
3027
3105
3080
3080
3105
3080
3120
3080
3080
3080
3299
3163
3256
3155
3080
3105
3146
3135
3074
3155
3105
3116
1960
3155
3080
3120
3135
3155
3298
0
3633
3135
1748
656
2108
4173
3053
3067
3105
3059
3080
5475
3074
3080
3158
3080
3152
3163
3163
3105
3120
3080
3080
3309
3080
3105
1562
3074
3146
3135
3163
3155
3135
3309
3135
3080
3299
3507
3080
3074
3080
3080
3309
3361
3155
3523
3080
3135
3633
3105
3105
3146
3152
3067
3099
3168
3053
3080
3080
3298
3053
3093
4173
3080
4385
3099
3080
3080
3135
3053
3309
3105
3708
3053
3093
3155
3080
3309
3099
3080
4385
3298
3135
3093
3361
3093
3105
3309
3053
3523
3163
3158
3361
3120
4385
3120
3298
3038
3189
3105
3080
3309
3080
3080
3074
3099
3120
3099
3067
3163
3135
3075
3155
3074
3158
3158
3105
3067
3135
3309
3074
3116
3189
2316
3080
3080
3309
3105
3708
3105
3080
3309
3067
4173
3845
7795
3155
3146
3152
3298
3135
5475
3162
3099
3080
3080
3120
3053
3099
3633
3048
3080
3189
3146
3163
3708
2928
3041
3074
3633
3135
3080
3105
3080
3080
3053
3067
1767
4385
4385
3708
3163
3105
3105
3163
3099
3163
3080
3484
3708
3135
3080
3135
4173
3105
3155
3093
3080
3163
1985
3105
3309
3116
3074
3099
1411
4385
3067
3015
3155
3015
3015
3049
4385
3041
3080
3099
3053
3135
3168
4044
3093
3309
2928
3484
3105
4385
4173
2916
3080
3116
3135
3116
3155
3120
3105
3105
3053
4385
3116
3080
3155
4173
3120
3027
3080
3484
3053
3189
3080
3298
3120
3080
3309
3507
3048
3080
3309
1786
3080
3074
2177
3256
3074
3168
3484
3080
3298
3120
4044
3080
3067
3155
3120
3146
3163
4385
3105
3163
3309
3146
3080
2928
3116
5475
3152
3116
4385
3135
3080
3105
3080
3685
3845
3116
4385
1123
3441
3099
3168
3015
3080
3074
3105
3256
3027
3041
3053
4044
3523
3298
5475
3093
3080
3080
3048
3708
3120
3163
3105
3053
3074
3146
3146
3708
3309
3298
3099
3080
3074
3105
3059
3189
3163
3080
3105
5475
3080
3633
3080
3309
3120
3845
3067
1138
3093
4385
3105
3309
3361
3155
3155
3074
3309
3053
3120
3163
3163
3309
3105
3105
3080
3708
3105
3120
3080
3080
3059
3146
3523
3523
3441
2916
3080
3080
4385
3298
3116
2932
3080
3074
3155
3080
3146
3163
3105
3080
3093
3845
3080
3135
3189
3105
3027
3146
3080
3080
1021
3523
3135
3309
3135
3309
3256
4385
3116
3041
3080
3309
3080
3105
3067
3053
3080
3163
3298
3155
3135
3059
3163
4385
3067
3155
3067
3080
3053
3080
3309
3507
3309
3067
3105
3523
3256
3309
3099
3080
3135
3074
3523
3708
3015
3093
3067
3041
3299
3099
3053
3120
3093
1829
5475
3135
3093
4044
3309
3105
2652
3361
3105
4385
3080
3298
3163
3067
3080
3845
3099
4173
3080
3053
3382
3074
3105
3105
3120
3080
3105
3135
3080
3309
3080
3155
3105
3158
3163
3155
3120
3155
3080
3048
3080
3080
3105
3053
3298
3135
3523
3074
3080
3080
3155
3162
4044
3015
3299
3299
3080
3685
3080
3053
3155
3080
3053
3155
3135
3053
3105
3155
3074
4385
3163
3135
3099
3048
3146
3155
3189
3361
3099
3685
3080
3075
3080
3189
3038
3080
3080
3080
3298
3309
3441
3105
5475
3080
3080
3155
3075
4044
3309
3298
3152
4385
3080
3105
3080
3026
3050
3155
3309
3135
3067
3080
3053
3093
3309
3080
3015
3105
3484
3158
3074
3155
3080
3080
3059
3075
3382
3067
3093
3155
3080
3155
3135
3067
3067
3155
3309
3155
3155
4385
3074
3116
3080
3080
3046
3135
3075
3093
3080
3105
3135
3309
4385
3708
3309
3080
3135
3163
3053
3298
3080
3120
3099
3080
3685
3299
3309
3046
3080
3067
5475
3189
3163
3155
3189
3120
3155
3298
4385
3048
3120
3116
3155
3053
4385
3163
1856
3120
3523
3158
3163
3080
3080
3099
3685
3155
3053
3080
3162
3135
3093
3080
3080
3080
3708
3507
2787
3080
4044
3189
3120
3080
3099
3135
3152
3309
2161
3523
4385
3080
3189
3080
3155
3080
3152
3146
3120
3120
3080
3309
3080
3105
3080
3120
3105
3633
3135
3135
3067
3105
3135
3080
3075
4385
3105
3189
3189
3059
3074
3120
3120
3309
2511
3059
3146
3049
3298
3155
3053
3048
3053
3484
7795
3163
3309
2511
3105
3116
3046
3080
3067
3080
3120
3080
3484
3361
3105
3067
4385
3158
3845
3080
3155
3053
3152
3163
3155
3053
3163
3027
3152
3080
3135
3080
3080
3048
3080
3155
3135
3105
3080
3093
3309
3075
3093
3041
3116
3256
3048
3080
3080
3105
4173
3135
3075
3027
3080
3080
3155
3105
3309
3845
3116
3135
3067
3067
3361
3038
3116
3067
3074
3080
3105
3048
3155
5475
3256
3189
3309
3298
3067
3080
1066
3099
3189
3309
3163
3105
3074
3162
3105
3099
3080
3067
3080
3053
3163
3015
3053
3135
3116
3155
3080
3080
3189
3080
3080
3256
1872
3105
3163
3059
3309
3135
3163
3053
3120
3135
3105
3309
3135
3135
3309
3080
3049
4044
3105
4173
3105
3309
3093
3080
3845
4385
3080
3105
3708
3093
3053
3093
3155
3152
4173
3135
3309
3041
4173
3049
3189
3120
3152
3053
3256
3484
3026
4173
1865
3093
3298
3309
3093
3105
3155
3080
3135
4173
3080
4385
3116
3080
3105
3080
3080
3074
3074
3080
3080
3845
3080
3309
3163
3708
3146
3309
3116
3155
3155
3041
3105
3163
2930
3080
3158
3099
3105
3080
3845
3163
3309
3080
3484
4385
2188
3067
3163
3155
3309
3080
3080
3080
3053
3067
3309
3708
3105
2916
3080
3116
2787
3120
3120
3080
3120
3080
2908
3361
3298
3158
3155
3298
3015
3523
3074
3093
2422
3299
3080
3158
3041
3074
3080
3080
3361
3015
3099
2908
4385
3080
3080
3189
3116
3146
3120
3053
3135
3041
3146
3116
3105
3135
2363
3116
3146
3168
3080
3135
3099
3074
3105
3093
3256
3080
3146
3146
3163
3155
3080
3105
3067
3048
3080
3298
3053
3080
3105
3120
3053
3105
3048
3309
3105
3080
3309
2569
3105
3075
3146
3484
3080
3075
3093
3382
3080
3026
3027
3120
3105
3080
3041
3099
3105
3158
2908
3163
3053
3105
3080
3053
3105
3105
3299
3309
3105
3018
3075
3067
3059
3080
3027
3074
2928
3080
3845
3075
1829
3105
3309
3052
3189
3080
3080
3685
3067
3080
3048
3256
3080
4044
3299
3080
3135
3135
3309
3523
3135
3523
3105
3256
3163
3080
3053
3080
4385
3048
3523
3053
3309
3067
3120
3080
3155
3005
3067
3155
3099
3053
3135
3080
3116
3845
4385
3361
3120
4173
3135
3105
3075
3074
3309
2908
3093
3041
3049
3080
3120
3048
3116
3309
3155
3093
3050
3093
2769
3105
3105
3152
3120
3074
3041
3105
3298
3484
4044
3685
3053
3633
3299
3074
3080
3116
4385
3080
3053
3080
3120
3048
3074
3256
3105
3382
3116
3080
4173
3053
3155
3099
3155
3845
3162
3046
3155
3049
3080
3080
3005
3116
3080
3484
3135
3146
3162
4385
3155
3074
3845
3309
3005
3080
3168
3105
3074
3507
3135
3067
3309
3155
3075
3080
3484
3053
3155
3298
5475
3080
3074
3105
3120
3155
3309
2001
3080
3080
3299
3309
3080
0
3116
3080
3080
3080
3155
3155
3155
3053
3026
3845
3048
3708
3105
3298
3135
3309
3155
3189
3120
3080
3105
2043
3067
3074
3163
3080
3027
3382
3135
3080
3080
2383
3708
3080
3256
3155
3633
3105
3441
3163
3080
3523
3484
3146
3484
3135
3146
3074
3361
3135
4044
3120
3049
2918
3135
3080
3053
4385
3155
3074
3093
3116
3015
3038
3080
3080
3708
3845
7795
3105
3155
3155
3120
3146
3135
3163
3080
3080
3155
3484
3135
3484
3845
3099
3146
1737
3116
3080
3080
4385
3093
3135
3105
3708
3256
3116
3093
3080
3080
2653
3105
3080
3155
3093
3027
3116
3158
3105
3105
3685
3708
3685
3382
3099
3163
3067
3105
3120
3189
3155
3080
3309
3075
3298
3116
3441
3080
3309
2108
3093
3080
3135
3105
3155
3146
3080
3256
3135
3105
3093
3075
3080
3105
3105
3080
3116
3105
3080
3099
3080
3633
3484
3116
3093
3845
3080
4173
3135
3053
3053
3484
3116
3484
3382
3708
3080
3080
3120
3155
3105
3155
3168
3135
3120
3080
3080
3120
3163
3146
3256
3053
2769
3155
3080
3155
3105
3105
3116
3162
3105
3845
3299
3105
3048
2918
3146
3105
3105
4385
3080
3080
3080
3309
3093
3116
3120
3116
3053
3080
3105
3298
3158
3075
3523
3163
3074
3080
3049
3075
129
3298
3041
3105
3049
3382
3105
3163
4173
4385
3135
3135
3093
4173
3099
3080
3361
3163
3120
3155
3309
3146
3155
3309
3309
3080
3152
3080
3067
3155
3093
3146
3116
3067
3074
3105
3845
0
3105
3080
4044
3080
3361
3080
3309
4044
3080
3080
3080
3116
3163
3152
3708
3105
3845
2908
3080
4385
3080
3105
3075
3116
3309
3155
3080
3168
3080
3074
3120
3523
3080
2787
3053
3189
3080
3120
3135
3080
3633
3093
3105
3048
3120
3155
3005
3080
3080
3105
4385
3080
3484
3120
3093
3146
3163
3158
3298
3146
3633
3309
3093
3135
3116
3080
3155
3361
3053
3155
3135
3049
3633
3080
3382
3120
3120
3309
3523
3361
3080
3309
3053
3105
3120
3155
3120
3067
3299
3074
4173
3074
3080
3099
3038
3093
3309
3099
3080
3093
3155
3298
3080
3080
3099
3146
3074
3075
3120
3080
3299
3146
3026
3708
3074
3053
3053
3075
3093
1960
3845
3309
3099
3484
4173
3093
3105
409
3146
3080
3155
3080
3053
3080
1748
3059
3116
3080
3105
3053
3080
3155
3067
3116
3080
3080
3041
3105
3048
3105
3382
3256
3053
3120
3309
3080
3708
3105
3075
3080
3120
3105
3120
3080
3099
3080
3633
3523
3074
4385
3309
3080
3080
3135
3105
3146
3163
3309
3189
3075
3053
3080
3845
3146
3053
3256
3080
3155
3523
3155
3189
3080
3080
3027
7795
3105
3309
3080
3018
3105
3507
3105
3484
3080
3053
3015
3080
3080
3309
3105
3135
3080
3093
5475
3080
3845
3067
3120
3049
3080
3105
3075
3080
3053
3053
3080
4385
3074
3120
3120
3189
3080
