26021
536870912
536870912
23676
16730
17856
17328
536870912
29949
14960
19984
14829
14517
26535
23595
21330
18710
27782
28790
23813
18266
536870912
16769
536870912
536870912
25614
19944
17967
17032
20185
24089
21363
23676
24438
16188
27707
16769
14975
20560
16621
27284
18194
21788
536870912
16925
18294
18887
18827
536870912
24436
19632
24738
14457
536870912
28059
23250
21865
25518
21673
536870912
14517
22223
14457
17328
536870912
16937
17620
14892
536870912
24506
536870912
536870912
18975
18061
18037
14960
23330
27498
20824
18164
29259
536870912
29109
18024
14714
19420
536870912
19221
24532
27027
536870912
24448
536870912
536870912
20746
19177
24947
18094
17963
536870912
18798
20354
18844
536870912
536870912
17531
17976
14880
16152
21399
20748
14746
14517
28036
24655
536870912
536870912
536870912
536870912
21620
15280
15420
15156
25536
27185
27892
17823
21202
18313
16670
22700
18219
16479
19244
536870912
28021
25207
26717
28826
21805
29211
536870912
20221
536870912
19158
15017
20501
14529
536870912
20950
24808
19978
536870912
536870912
25164
19147
536870912
28274
20142
21844
14751
536870912
24778
536870912
536870912
18556
18194
18472
23883
16550
18518
14517
18028
536870912
21624
15377
24012
536870912
24036
536870912
22176
536870912
20261
23301
23983
16657
18107
20368
536870912
25247
26571
17587
536870912
19984
29969
536870912
23407
536870912
20501
16484
21135
536870912
536870912
536870912
22764
28422
20759
536870912
23735
21364
14457
536870912
26438
22943
29862
26676
22443
536870912
21324
27699
16325
18728
536870912
25426
26078
23407
17937
20232
15156
18266
19793
15297
536870912
19894
16496
16876
23394
25240
536870912
536870912
14517
24402
16710
19195
536870912
24387
536870912
17149
21107
25650
536870912
536870912
20369
536870912
26205
20748
18934
24448
27176
536870912
28243
21158
25646
21026
15156
21722
18728
20560
536870912
29402
17476
26612
18472
16152
22389
24002
21532
536870912
20972
18844
22563
26028
16639
536870912
16937
26491
536870912
536870912
19195
536870912
24678
536870912
23935
17932
16923
15305
24889
536870912
20142
23110
20360
17209
21397
17097
15313
16426
21095
19861
17113
19003
536870912
536870912
14874
21468
17058
18583
536870912
536870912
15731
22205
26491
20752
536870912
23500
28627
20640
536870912
15156
20354
24291
24012
536870912
536870912
22324
19055
15297
27998
21401
16923
16426
536870912
22961
25522
18960
24148
18033
536870912
23850
27867
24724
24102
24851
19482
536870912
21873
15513
18868
536870912
17632
17099
18321
22505
14672
14517
23567
536870912
536870912
21095
23567
19878
18089
22385
23649
536870912
19771
536870912
17810
25122
27535
28730
536870912
22767
26659
536870912
14233
24473
14698
536870912
536870912
19264
16992
18905
19567
536870912
22389
29422
16158
18025
16500
19892
536870912
26794
27774
536870912
536870912
21698
14960
25841
17963
19161
21371
536870912
536870912
19280
536870912
16362
18355
20360
536870912
536870912
28507
17244
24780
26724
536870912
29590
21047
26318
17144
22843
17047
28297
21980
17036
536870912
26664
536870912
18360
19764
536870912
536870912
536870912
25222
21095
15398
28293
17775
28511
15186
536870912
16152
19101
536870912
24122
25906
21673
14655
536870912
22372
24670
14334
14458
17022
28012
26724
536870912
29888
19640
15864
25487
18657
536870912
536870912
26721
23457
18076
20240
536870912
22978
27185
16386
18273
28214
21562
25549
27197
14892
25308
536870912
24601
21734
536870912
20722
26930
536870912
16526
536870912
16543
18703
23634
536870912
21997
23505
22624
20375
536870912
536870912
27443
18302
20759
29979
26781
16769
29848
20395
17749
25902
16090
536870912
17869
22702
21435
20944
19984
536870912
536870912
536870912
19473
18132
16827
20081
536870912
15844
23200
29526
19234
19161
20665
16798
21288
20343
29195
25722
19161
21247
22700
536870912
18362
29326
536870912
536870912
536870912
18604
23684
21285
25372
27794
14892
536870912
24242
20987
536870912
23764
18364
28582
536870912
18822
536870912
20722
22505
536870912
28637
14517
536870912
18183
536870912
24880
536870912
18503
536870912
536870912
536870912
27867
25194
17891
26618
14751
16130
27779
18437
22822
536870912
22007
17015
14892
536870912
16382
23304
23084
20049
27716
536870912
536870912
536870912
16041
21734
14457
22147
18294
16954
536870912
14599
16074
18588
20044
536870912
19618
28141
536870912
27041
15585
26913
24693
536870912
536870912
16386
17099
17683
536870912
22070
536870912
536870912
25148
14751
536870912
536870912
536870912
22975
23723
23828
536870912
536870912
29314
14960
25692
21026
536870912
19924
20095
15330
20895
536870912
15141
21589
25346
17510
536870912
18690
15466
17632
15616
536870912
536870912
25747
16289
536870912
17726
536870912
17427
21047
20537
536870912
17097
20172
25591
23408
536870912
17058
27681
20212
536870912
536870912
22589
22146
21283
24460
18891
17726
17939
536870912
536870912
28579
14517
536870912
28919
24025
23250
17602
29590
15802
536870912
536870912
22059
536870912
536870912
28021
536870912
19723
536870912
18141
16730
15433
15470
27436
23529
22875
536870912
16362
22700
17482
536870912
18721
15616
17778
23529
18755
536870912
17628
23964
23987
16861
536870912
28619
16426
27881
25947
18108
27967
536870912
27946
24291
536870912
27633
19589
21232
536870912
17939
19877
18417
536870912
23526
536870912
536870912
18841
536870912
536870912
536870912
15055
16833
14672
24488
19978
20036
28989
22513
29964
18041
536870912
18574
17149
25518
536870912
25619
15819
23589
17022
16037
536870912
20922
19935
16836
28538
536870912
25858
26856
16588
18988
14892
16152
14975
28348
18634
536870912
536870912
27429
22664
16959
15305
14880
29819
536870912
20142
536870912
536870912
15961
28619
536870912
536870912
17953
536870912
17464
18033
20751
19109
15252
21578
26112
536870912
16710
536870912
21008
536870912
536870912
25144
19885
536870912
23848
536870912
23085
20694
21739
536870912
18552
536870912
27321
536870912
17464
16353
536870912
14517
17683
536870912
536870912
23167
26664
536870912
536870912
18789
536870912
16974
23076
15141
536870912
21439
20316
15297
20722
19370
536870912
18315
21854
536870912
15585
14548
24532
26535
16136
29964
20124
24773
18163
14321
19064
536870912
19151
18743
25731
20328
21532
536870912
17071
22983
22040
536870912
26023
536870912
536870912
536870912
536870912
536870912
536870912
26082
27960
15524
19606
21760
20227
28072
22641
14927
17618
18815
536870912
16925
26509
21397
15750
536870912
15961
14163
20864
21047
22751
18813
20748
29886
536870912
536870912
536870912
14517
17644
16979
18065
25086
21328
536870912
16160
18149
18588
536870912
536870912
536870912
14517
27821
19683
20538
26571
536870912
22493
536870912
22426
14018
14304
23016
23933
536870912
18417
536870912
22558
15555
25893
536870912
536870912
536870912
536870912
18396
19937
536870912
536870912
28609
536870912
18029
25761
18299
26618
20036
28582
536870912
16663
20726
536870912
536870912
22139
22027
15513
536870912
14952
17493
20205
536870912
24190
15969
536870912
536870912
26195
536870912
20836
24377
19492
14517
22494
21475
536870912
20075
15170
536870912
16500
536870912
16220
17903
29761
536870912
20711
27955
536870912
18631
15194
17718
27138
15761
29647
24036
16833
16529
536870912
18434
24640
17001
23223
16939
17826
17857
27802
23935
20354
24647
27582
15304
25906
536870912
22040
22511
19593
24460
18166
17932
536870912
17209
19219
536870912
18552
536870912
25749
17869
18473
19855
29860
15596
22909
15297
23538
27512
20185
536870912
16341
14517
16119
22041
536870912
536870912
21022
22040
536870912
536870912
536870912
536870912
17669
29195
536870912
536870912
15811
24378
536870912
19769
20810
29321
22879
29257
18114
536870912
536870912
536870912
18282
20894
25619
20749
21112
536870912
21872
23429
28264
22671
536870912
536870912
536870912
15957
18928
15278
15935
23128
17953
16666
19660
536870912
29949
536870912
18175
21755
19660
26933
19221
25653
18941
536870912
24401
536870912
22436
536870912
16534
25191
16174
22097
22589
19053
17856
23717
536870912
21870
536870912
15891
22884
19482
21734
23805
15366
27892
536870912
21478
536870912
21662
14721
22655
20673
20349
14892
18396
18175
25143
16591
29693
16898
27952
24601
17048
536870912
17531
16670
536870912
18791
26615
21990
16642
536870912
536870912
15022
536870912
23484
19264
15398
26840
536870912
20758
19984
23221
536870912
536870912
20615
17576
536870912
21577
19195
18601
23443
536870912
24404
21363
21997
536870912
536870912
25455
19617
536870912
25137
536870912
15017
29109
21202
19805
18650
29563
17908
21116
17596
15802
18786
536870912
24292
25522
17246
16180
14458
17066
536870912
22255
536870912
26070
20722
22041
536870912
28649
536870912
17953
23883
14672
536870912
19041
22041
21589
26537
21149
536870912
536870912
14883
16800
23394
21392
13520
536870912
16180
22347
21540
21082
23907
15713
26928
536870912
18570
19842
536870912
22494
22390
22443
26962
27840
536870912
19881
18820
16612
21220
24438
15433
15123
16741
20395
18089
24723
17683
536870912
16328
17455
27325
25372
21569
22655
18960
16769
24254
21884
536870912
14751
536870912
536870912
536870912
14273
22983
17193
23956
15935
536870912
21341
20932
536870912
28703
536870912
18796
28943
19435
16224
21171
20748
24242
25028
536870912
15891
20755
27550
29453
29646
536870912
23676
536870912
18789
536870912
536870912
14892
22085
20095
536870912
19812
536870912
21237
22266
536870912
19797
536870912
24478
536870912
17806
20124
536870912
18647
23999
22933
17869
20207
536870912
20607
23902
536870912
536870912
17145
536870912
536870912
28826
25911
536870912
17149
16328
536870912
536870912
14960
14334
20395
536870912
536870912
15017
14334
23883
16937
15513
23076
15278
536870912
536870912
25732
20036
29786
22658
15149
27152
20692
16464
18100
19703
17726
17412
536870912
17427
536870912
536870912
536870912
19632
21194
536870912
20000
15874
23847
536870912
18791
20537
16876
24488
20022
20081
27609
24694
21205
28413
536870912
20956
17683
21202
18333
21073
25591
27326
536870912
536870912
17993
16923
536870912
18557
536870912
20538
22248
19842
24806
23457
18237
24593
15027
22671
15678
22589
14892
24281
536870912
21490
19954
25660
23358
15156
17721
21002
15811
19132
15941
18796
22443
536870912
19891
29747
17113
24148
18844
16037
23608
536870912
16574
24025
19437
23128
27672
29083
24934
17021
536870912
15156
16481
16664
22181
29871
27782
536870912
26618
536870912
536870912
536870912
21755
28146
536870912
536870912
24148
18953
536870912
29810
29314
536870912
25703
21730
24078
27960
18588
536870912
20581
28238
536870912
536870912
23764
18038
536870912
536870912
17875
536870912
14517
536870912
19981
536870912
27633
26223
22456
22719
536870912
16528
27084
17434
19788
536870912
24421
18630
17098
25253
536870912
536870912
536870912
19984
29120
18773
14517
536870912
22629
19935
18960
18468
536870912
24059
17903
16341
17531
24281
17768
16673
536870912
24029
13520
536870912
15156
536870912
536870912
27433
536870912
536870912
15304
536870912
536870912
15297
19944
15304
536870912
15377
16426
24826
14924
536870912
536870912
536870912
536870912
21479
536870912
536870912
16537
13916
16386
14517
18666
15413
27012
17869
18791
24879
17602
16136
536870912
15794
21363
17749
536870912
536870912
21386
19634
23818
536870912
16341
21194
17819
536870912
536870912
536870912
20644
18315
22436
536870912
536870912
24666
24553
19883
536870912
536870912
20748
16377
26570
25251
23689
23428
14517
18089
24759
21199
18588
27027
536870912
16203
26286
536870912
15850
536870912
22975
29506
20788
536870912
536870912
536870912
28251
21047
536870912
20364
20788
536870912
536870912
14165
21220
19937
536870912
18396
536870912
16543
28059
18100
536870912
24380
19238
17295
16096
536870912
536870912
17149
15616
536870912
20860
14850
536870912
536870912
26286
16923
18196
15290
26763
17503
18190
536870912
536870912
27567
16932
19878
20535
20944
25021
17180
20290
15156
14672
536870912
536870912
536870912
24813
536870912
536870912
13721
18194
536870912
14892
536870912
536870912
29572
536870912
21281
16920
20071
16984
536870912
17571
22505
536870912
21836
19883
19057
15297
16152
536870912
15156
17455
17832
16421
536870912
24387
18189
25335
23728
25720
25650
536870912
16037
17022
17596
14233
16341
18757
536870912
15077
26195
536870912
23093
24911
24770
536870912
16491
536870912
16479
536870912
16349
14846
536870912
16160
536870912
16052
21490
536870912
23428
536870912
536870912
15017
23438
24022
536870912
18570
16769
24059
19101
536870912
27294
15017
28330
19681
19583
23523
536870912
536870912
20882
15161
29116
15387
24780
22436
17778
536870912
22149
15513
21694
18891
27891
23235
27176
28982
536870912
26463
536870912
18119
18743
15895
16353
536870912
20748
536870912
18844
18515
15123
15313
27213
19147
27688
16883
17036
536870912
18393
536870912
15731
536870912
24453
26537
20096
536870912
18108
536870912
18076
536870912
16384
20119
21047
536870912
21823
22366
14892
19671
25911
536870912
17022
17967
536870912
28805
536870912
20395
18921
23500
17412
26491
536870912
18621
19506
28619
22780
16878
23008
536870912
536870912
15616
20538
17656
536870912
16340
18089
27946
20233
25978
25487
17066
18721
536870912
19099
536870912
17745
16876
18809
536870912
16136
15524
17619
536870912
536870912
536870912
24126
15691
27504
22433
25724
17749
28693
28574
26856
17464
14517
536870912
20124
18396
536870912
536870912
17209
28729
26840
536870912
28730
536870912
15616
17531
536870912
27127
536870912
23798
23801
19660
536870912
18733
16353
19705
536870912
22248
16800
21692
536870912
16543
26070
21766
20895
19805
536870912
27075
20373
24921
23394
22136
17022
21917
27452
20062
17763
15141
19169
536870912
18038
536870912
536870912
536870912
22418
26691
20054
19602
27916
536870912
16769
20395
20480
24444
26240
19486
28725
28729
29261
19539
21194
17172
28264
27567
536870912
22773
20124
536870912
19716
536870912
15246
22657
28059
20864
25550
20578
24447
27774
24438
19696
22993
21026
16496
23187
536870912
28989
18299
536870912
17833
536870912
15017
16382
19683
14517
20522
18823
15678
536870912
25634
14892
18627
27891
16340
536870912
19416
16362
536870912
21490
536870912
20535
536870912
18931
536870912
536870912
536870912
21194
21008
19326
15201
25284
536870912
24661
22923
536870912
15377
24012
29401
536870912
536870912
27064
20210
15289
17931
536870912
536870912
16130
18190
29066
17225
16386
536870912
20679
25355
28977
16923
16328
20922
536870912
536870912
536870912
20000
16960
20501
16937
21186
26195
18472
16386
18930
18816
536870912
28646
17066
17832
15764
536870912
536870912
19217
29595
536870912
20096
17290
22222
23123
24074
24178
536870912
16764
25532
29259
536870912
19881
536870912
28264
18757
16496
29964
18655
20972
16448
17149
20949
19935
19486
18891
536870912
26814
18472
536870912
20887
536870912
22539
536870912
20446
21359
15160
536870912
26776
19777
536870912
14892
16152
536870912
536870912
536870912
18621
20445
18500
23585
19843
21065
23457
21353
18552
536870912
18166
23528
15016
17021
23062
21673
15398
23425
29068
16130
18804
18396
536870912
21662
16496
23567
536870912
25445
536870912
14517
20172
536870912
18396
22505
18425
22110
21341
17048
23333
16119
15297
23941
29904
536870912
24017
15017
536870912
21668
21870
29458
23435
536870912
18196
20883
29964
20044
25226
18396
24438
18196
17234
536870912
24380
536870912
27446
21401
536870912
536870912
536870912
18630
536870912
16174
15969
536870912
536870912
20780
536870912
26796
25764
536870912
14764
16390
23394
536870912
536870912
22856
21865
536870912
536870912
20893
17934
17903
536870912
536870912
536870912
536870912
17119
21673
15470
27780
29314
16130
536870912
536870912
25194
26571
20328
14764
536870912
19978
536870912
16769
24346
21764
536870912
536870912
17620
25638
23128
29979
536870912
536870912
21660
24738
536870912
536870912
22455
20395
16769
536870912
21510
23308
23308
20560
20922
29405
536870912
16885
17135
22205
21149
21540
25284
25746
20428
22671
20126
536870912
536870912
18164
536870912
18396
536870912
22231
14599
19683
21029
15377
21734
536870912
25722
536870912
15891
24671
27185
26580
29494
536870912
536870912
16386
22820
29835
536870912
14892
536870912
18141
20581
17596
15330
15017
17943
15313
536870912
536870912
28223
536870912
17632
19881
22248
16898
22014
20398
18315
25389
536870912
23634
536870912
15297
26767
21244
23438
15577
21620
19426
15761
26346
536870912
24532
23558
536870912
27507
536870912
15901
18934
16201
20206
19937
536870912
25269
18921
28605
25724
18425
22684
536870912
17225
24286
18375
18703
536870912
17963
536870912
27248
18805
536870912
29973
21363
13983
21248
536870912
536870912
22843
17001
536870912
26023
20048
18089
536870912
17745
15017
28024
21073
536870912
27880
21271
18196
20479
536870912
17810
536870912
536870912
19883
25811
536870912
27978
16574
536870912
23084
19410
536870912
536870912
15678
22753
536870912
536870912
21730
16377
22865
18315
29860
19057
536870912
17856
28148
17293
536870912
20798
536870912
20803
536870912
22285
16923
19074
536870912
21135
20528
26060
23076
14517
15398
21294
15228
18510
16664
24078
26339
22443
536870912
21516
18718
536870912
24438
24769
536870912
19572
21194
19602
536870912
21159
536870912
536870912
21539
536870912
536870912
25396
20748
21202
28584
17407
21149
536870912
536870912
536870912
26766
26150
28059
14986
25209
26807
536870912
536870912
16621
27296
536870912
19576
23190
18670
19696
20022
16340
21578
22270
15674
19264
27012
21883
536870912
536870912
25240
16500
24882
26112
536870912
536870912
536870912
16160
17015
15342
14880
536870912
27249
15297
22505
22851
15027
21946
536870912
15289
536870912
20722
16206
21983
536870912
13733
536870912
536870912
22376
536870912
15718
15313
536870912
25968
24012
23429
15160
536870912
27211
26537
536870912
18029
22658
22891
18065
536870912
25320
26821
19274
536870912
23403
23822
18552
16861
25675
536870912
16353
25426
23528
15091
15304
14517
16902
17455
28507
18891
21371
16328
26070
536870912
536870912
21024
18975
536870912
23649
536870912
17831
536870912
29979
536870912
536870912
17246
536870912
21185
536870912
536870912
20258
23154
21443
20342
20172
16377
18621
536870912
27278
16919
20701
21250
14897
14892
25195
14334
536870912
28021
26046
14916
18733
17431
19553
536870912
15377
536870912
19362
23325
29602
23966
21185
536870912
17149
21114
27358
29830
536870912
22019
14401
22983
536870912
19842
20673
21865
20254
16829
24438
27662
536870912
21099
16362
21917
536870912
16594
14517
18107
536870912
19053
536870912
536870912
536870912
536870912
536870912
20263
21079
20142
536870912
536870912
22266
15811
24452
19161
20240
17737
18847
536870912
536870912
536870912
536870912
16152
14892
21870
536870912
536870912
536870912
17778
17583
536870912
19606
15691
536870912
21167
536870912
17022
17967
536870912
536870912
20673
19195
20124
14960
22176
21734
536870912
21519
20779
536870912
536870912
15957
20788
19866
18696
19169
14892
536870912
26060
536870912
19803
536870912
17835
536870912
27826
20090
20585
24889
16664
20095
14458
22133
536870912
16833
19576
18710
15156
536870912
28059
17192
536870912
536870912
536870912
14892
536870912
23428
14861
28747
27527
21250
20615
21149
17620
536870912
536870912
536870912
22610
18631
23676
23948
536870912
21248
536870912
17780
27253
536870912
29246
22665
536870912
536870912
536870912
22343
536870912
29949
26723
18891
16992
536870912
20880
18351
18588
16060
17038
536870912
536870912
14874
536870912
18360
23883
24361
536870912
14334
18164
27978
24955
19179
22183
27642
19308
536870912
18721
20261
536870912
536870912
22700
536870912
27308
536870912
536870912
23529
26509
536870912
26339
25348
18579
20788
27723
22372
28153
18721
14960
536870912
536870912
14517
14751
22059
18734
19568
536870912
25456
536870912
29058
16830
26600
28574
18814
26070
22946
16925
27176
20692
536870912
536870912
18675
22658
25275
26957
536870912
536870912
21946
23544
29572
536870912
536870912
18570
27326
17780
27529
536870912
536870912
536870912
536870912
536870912
536870912
20850
19539
16382
536870912
536870912
18510
21997
536870912
29964
18666
17823
28492
18545
16753
23445
536870912
28782
21341
536870912
23753
25638
536870912
27075
16670
28689
26149
17835
20895
14960
536870912
536870912
16800
18237
23142
29112
21170
22561
27713
18891
19416
29954
536870912
17180
18089
16392
17903
16773
17022
536870912
14517
25410
22271
21304
536870912
536870912
25947
22136
19822
536870912
20897
536870912
536870912
21899
536870912
536870912
18296
26394
26537
15017
536870912
536870912
20036
20261
536870912
27507
20096
19053
27960
536870912
23108
17312
21991
21611
536870912
536870912
25799
18827
18620
16386
17942
536870912
536870912
16160
536870912
536870912
18266
536870912
536870912
17203
18360
24377
15799
536870912
15674
536870912
25978
14751
536870912
536870912
15022
536870912
17002
18194
25648
22051
27978
23246
19067
25619
25778
23546
17856
28751
25455
536870912
25311
536870912
536870912
16377
22266
17835
536870912
21302
20017
536870912
18196
26191
17857
15297
29683
16670
16152
29871
25518
25396
17476
15297
20036
17754
536870912
23008
14517
25352
16420
536870912
25517
15297
536870912
536870912
536870912
536870912
18149
18350
16582
536870912
536870912
536870912
536870912
536870912
536870912
24651
18476
17152
21232
18417
25226
20096
27661
14154
15839
18052
26810
21875
15801
20889
18789
17939
536870912
18536
22264
20628
17328
25809
536870912
16773
536870912
536870912
26879
29345
536870912
22176
21468
22396
15022
536870912
536870912
16496
23907
14960
536870912
19553
14986
536870912
23818
17991
23408
24826
23067
28992
20229
20945
22548
536870912
536870912
18588
27946
29471
16657
536870912
19695
536870912
536870912
17977
16923
19811
536870912
16947
15228
18486
17882
15160
26664
536870912
536870912
16646
18034
25594
536870912
21709
536870912
18482
15290
20673
16670
17976
536870912
22961
536870912
23724
27560
15285
536870912
536870912
536870912
17794
23041
18988
18199
16752
19438
19296
16925
536870912
20065
536870912
536870912
18940
536870912
18552
20343
536870912
25114
536870912
536870912
15633
25275
23848
15594
15194
27906
536870912
16074
15297
16353
25913
28046
22035
26685
29748
15313
536870912
536870912
18370
17038
536870912
18473
21991
17464
536870912
27625
26257
19997
15313
17407
20195
18931
20226
16596
536870912
19889
536870912
14517
536870912
536870912
14334
536870912
536870912
25350
29619
29943
20449
536870912
29549
27289
21237
19944
21760
20172
16937
20532
536870912
536870912
536870912
25893
17071
536870912
17778
536870912
27831
536870912
27044
22433
536870912
536870912
536870912
536870912
25346
16152
18362
14892
536870912
536870912
536870912
16542
24000
536870912
536870912
19264
17829
536870912
536870912
14998
536870912
16733
536870912
27439
536870912
536870912
22592
28584
536870912
18071
22085
536870912
28555
536870912
28059
536870912
536870912
21026
16670
26238
27707
27972
14892
536870912
536870912
536870912
29539
536870912
25347
17954
536870912
20875
536870912
28637
19632
26262
536870912
22190
19125
19984
536870912
14558
18921
19843
536870912
28071
536870912
26272
18827
536870912
536870912
20722
24473
29052
17295
15974
16923
16465
14517
16377
536870912
536870912
536870912
25720
15829
16328
22655
16479
536870912
21928
23152
19593
24274
18024
22213
23691
22014
27259
22511
15149
16479
14892
25114
536870912
23907
26028
19842
22856
20810
536870912
19932
23428
536870912
23732
20466
536870912
26023
18107
536870912
536870912
17483
15141
536870912
16426
536870912
19396
536870912
536870912
23380
536870912
536870912
26572
16374
20803
536870912
21943
21983
24987
17295
28798
536870912
28021
27507
25015
27501
536870912
16664
536870912
18385
15160
536870912
29788
18490
536870912
536870912
22288
536870912
25484
28769
14672
27446
536870912
25408
26084
27348
21728
536870912
28928
17076
27830
536870912
536870912
536870912
17906
17004
18256
15811
20694
25978
22589
20229
23567
25712
18588
536870912
26420
536870912
536870912
21065
17431
26894
536870912
15313
16136
29154
536870912
20810
22843
24340
15887
28413
19733
536870912
536870912
20801
21109
21251
18369
20082
20748
536870912
25675
536870912
20877
19482
536870912
27110
17602
17004
25549
536870912
16386
17058
536870912
15313
24145
536870912
20501
25710
536870912
24111
19557
18473
536870912
29610
536870912
28137
536870912
536870912
536870912
16830
25178
536870912
27696
29964
22856
536870912
19120
18551
18266
536870912
15123
25380
536870912
536870912
18845
17823
26915
24759
18933
536870912
17829
536870912
27460
22977
16588
536870912
536870912
25514
27354
536870912
536870912
536870912
18976
536870912
536870912
536870912
16152
15470
536870912
28658
536870912
21328
20261
24597
536870912
536870912
14517
19195
536870912
21805
21390
17295
536870912
20434
15387
17963
17835
29108
22517
19602
15278
22059
18735
28485
19803
17022
536870912
536870912
27119
22443
22456
20844
536870912
22136
25710
23330
536870912
20987
536870912
14517
20900
536870912
536870912
21407
29475
27506
18680
27424
14517
16849
23457
21340
26679
24376
536870912
24405
536870912
17632
536870912
536870912
28581
17656
20722
19764
16528
536870912
20864
20036
536870912
22719
17108
11907
24378
17544
25932
536870912
23722
17228
16459
17903
14849
536870912
536870912
16152
25648
536870912
15633
17928
21159
14655
536870912
21167
27662
536870912
24380
536870912
536870912
18718
18315
26237
536870912
536870912
16766
536870912
15313
25285
17022
18089
20406
536870912
25275
17225
14892
15577
536870912
19901
15891
536870912
15077
536870912
18552
536870912
27012
20158
26454
536870912
18315
536870912
21414
26261
536870912
536870912
536870912
28428
26721
26955
536870912
21697
20434
23964
27920
20036
18813
15341
20722
536870912
23246
536870912
536870912
536870912
20692
536870912
18721
26268
16984
19618
16152
28646
24825
536870912
23764
536870912
536870912
536870912
21149
536870912
16582
536870912
21202
536870912
16136
16883
16479
24291
16152
23128
22975
14874
536870912
536870912
19041
15596
22183
536870912
25380
536870912
15297
17963
536870912
16481
536870912
536870912
20895
17932
17058
26316
16753
23250
23152
22671
25352
536870912
18313
536870912
536870912
25073
29793
16769
21269
18847
18786
22970
536870912
14273
14685
18065
536870912
536870912
18472
536870912
21611
19370
18315
536870912
21158
536870912
23079
22396
14764
536870912
26205
23139
22266
25470
17232
18908
536870912
14517
25764
28884
536870912
22655
536870912
29895
536870912
536870912
21660
536870912
29567
18815
19894
536870912
18710
20395
536870912
18137
22993
16386
18838
18190
21337
22870
16320
26627
19617
536870912
14517
19648
19735
16160
536870912
24128
15764
22285
29063
536870912
536870912
536870912
536870912
16136
536870912
14517
536870912
536870912
536870912
536870912
22493
28612
17026
22426
23001
17567
536870912
21697
23867
15398
536870912
18604
21271
536870912
536870912
19015
536870912
17835
536870912
22232
536870912
21490
20887
19784
21404
17934
19989
536870912
536870912
25684
28689
536870912
536870912
23948
15278
536870912
536870912
536870912
22426
536870912
536870912
536870912
26865
23634
28128
20537
17963
17935
536870912
16861
21364
536870912
16861
26325
18362
16574
15366
25335
27724
536870912
20254
536870912
15398
19878
29960
536870912
28036
536870912
29830
27003
536870912
23805
18232
536870912
24036
28484
24878
15901
17476
18775
536870912
22293
536870912
536870912
21135
536870912
25101
22983
536870912
536870912
20440
23678
536870912
23167
16766
21314
25446
536870912
19198
16923
20521
19913
26078
23867
19420
22531
22223
536870912
27937
536870912
20528
21755
18844
17967
15961
23883
27827
19978
16816
19048
536870912
18786
16091
536870912
18473
20942
22404
536870912
536870912
536870912
17508
536870912
536870912
17854
20607
16309
20081
24347
22246
536870912
26598
27699
536870912
536870912
536870912
25749
16442
536870912
536870912
22185
536870912
536870912
20749
16382
14147
22505
536870912
16563
22044
536870912
14166
27724
23902
22008
19602
17976
23137
15513
18468
25594
18822
19781
21116
20694
536870912
16309
21673
21703
15304
23425
536870912
18921
28264
536870912
16152
25891
536870912
536870912
24448
536870912
536870912
29860
18773
15330
18274
19842
536870912
536870912
16898
20178
16270
19723
19161
25947
15377
536870912
25852
27738
15387
22658
17185
27375
536870912
26721
536870912
536870912
20987
19981
16259
18266
536870912
22658
27501
19672
15017
15974
24274
536870912
15420
21363
16574
19955
536870912
17071
536870912
21232
26272
536870912
21818
14458
536870912
22249
19304
536870912
536870912
14672
21259
27286
14975
18008
14764
25863
19737
19473
536870912
24864
14401
23235
17071
21533
25536
27559
15913
16479
536870912
23331
536870912
19883
25247
22091
22658
536870912
18094
19553
27967
536870912
27354
24145
21392
19264
18911
536870912
17071
536870912
18029
15313
536870912
536870912
21026
15470
24909
16464
536870912
27138
16403
536870912
18596
536870912
14874
536870912
19426
24802
26667
536870912
27892
23826
28790
17531
536870912
536870912
18185
20771
29788
29595
536870912
22624
17066
23347
15297
19195
536870912
536870912
20725
14273
536870912
536870912
25893
27779
28919
20449
17152
536870912
17939
536870912
22563
25517
17407
536870912
14891
28338
11907
17570
17939
24219
536870912
22923
20882
16898
24429
24333
22609
14993
21678
14892
22785
21283
536870912
25581
17177
22843
536870912
536870912
536870912
536870912
28903
14517
536870912
19593
16496
18260
17407
28082
536870912
536870912
27150
20767
26869
536870912
17351
19583
15935
19978
28047
22567
536870912
18473
20145
536870912
23045
536870912
536870912
23866
17939
536870912
536870912
19978
21071
15297
29806
17882
19878
536870912
17531
28133
22443
17200
29932
15297
536870912
24111
536870912
536870912
15974
536870912
18170
21571
22062
