19304
536870912
15441
18144
536870912
18981
19503
21114
28735
23229
18867
20287
17358
536870912
28754
23245
15388
20721
17784
16658
22834
21229
536870912
29596
19022
536870912
16490
19268
29061
536870912
21567
536870912
23517
21103
18864
24957
536870912
26488
536870912
17500
21028
21927
536870912
28567
20838
536870912
536870912
17608
536870912
21476
23610
15475
25565
28014
536870912
26655
24696
536870912
23628
536870912
536870912
536870912
17811
19928
536870912
24815
20080
15580
536870912
536870912
536870912
20911
536870912
536870912
536870912
536870912
24138
15363
19946
536870912
23594
20485
18435
24371
536870912
17162
15994
536870912
18350
536870912
26566
22855
536870912
536870912
536870912
21103
536870912
21248
24542
536870912
29864
29947
21108
24368
24929
12732
21694
26640
27697
24800
20716
536870912
536870912
28022
25356
536870912
22438
24998
24752
17967
16960
536870912
20130
19147
17173
18586
536870912
536870912
536870912
18864
29425
23819
18322
536870912
18345
536870912
536870912
17358
22685
24143
24476
27408
24294
19660
21389
25618
25734
26917
20743
24513
15475
16620
22138
19548
536870912
536870912
18759
22974
18018
23229
29315
536870912
24429
25627
18140
19227
536870912
27121
24570
28608
22649
536870912
19048
536870912
536870912
24091
15816
536870912
25489
27369
17605
15984
19427
21608
16618
536870912
536870912
536870912
17500
26426
26752
536870912
536870912
26172
17926
28798
536870912
536870912
536870912
25435
17162
27154
536870912
26624
536870912
16928
18181
18652
536870912
29564
21910
24088
536870912
536870912
15014
24250
25836
26465
18759
536870912
23207
22358
24713
18279
19133
536870912
19179
536870912
536870912
17124
22024
536870912
16281
23833
536870912
536870912
536870912
19049
21103
20170
29706
20035
536870912
536870912
536870912
18569
16912
536870912
23950
28362
18318
26836
536870912
20028
24209
16826
536870912
16640
536870912
23639
23210
21030
19337
536870912
536870912
25829
29568
29119
536870912
15580
19824
17358
536870912
18353
15941
24306
18864
536870912
16912
16658
536870912
20324
25576
23343
24301
536870912
536870912
19028
536870912
28333
24091
18504
20412
17149
17676
536870912
26082
15773
27379
20899
536870912
22460
15441
536870912
20481
536870912
17696
536870912
23282
20152
28827
18663
22163
23900
536870912
536870912
536870912
20593
536870912
536870912
22015
18805
16658
24557
16817
23697
22232
27774
536870912
18243
536870912
20892
23431
536870912
536870912
536870912
536870912
536870912
15796
21696
16947
25313
17076
536870912
16986
536870912
16002
536870912
29761
29315
19613
536870912
536870912
16620
536870912
536870912
22177
19948
18799
29182
29705
29877
536870912
536870912
29245
23900
19005
24629
20479
536870912
22014
536870912
18259
27246
15724
19631
20035
29352
22852
536870912
536870912
17162
24434
28164
15605
18696
23580
17522
21741
536870912
21236
536870912
536870912
20344
18942
16070
28362
19125
18945
21927
20471
17436
18140
536870912
536870912
23922
26927
17481
17684
536870912
16122
536870912
18569
536870912
536870912
536870912
19061
21989
536870912
20209
29605
15441
29850
536870912
536870912
25933
21318
21389
20692
536870912
536870912
15530
22232
22685
17706
19408
536870912
24960
536870912
19304
27140
19218
16002
23223
19427
16322
21435
20916
28180
22793
15724
20044
536870912
16147
15724
17685
26236
23661
22004
20916
18559
17358
23061
536870912
18867
16817
16128
23815
24091
22051
536870912
536870912
536870912
28754
536870912
21730
22854
16322
15796
26734
536870912
17468
18350
17451
18339
22029
16620
536870912
17468
17458
18196
20619
21738
19546
22826
13940
22356
18984
536870912
27817
26819
24163
25038
21113
536870912
29569
25055
29336
19408
536870912
16482
28645
27087
22629
536870912
536870912
17853
15675
26823
23945
22974
24479
17224
536870912
21491
26819
22473
22425
21798
26294
21608
15619
536870912
16531
536870912
25263
536870912
28183
536870912
26705
18798
536870912
27648
536870912
29644
15644
536870912
21416
536870912
536870912
27478
16147
536870912
536870912
29100
21248
24819
536870912
28292
27123
15388
536870912
536870912
536870912
536870912
536870912
536870912
536870912
23727
536870912
16100
19582
536870912
19503
536870912
19248
17431
19720
25854
536870912
21652
536870912
18496
23299
536870912
26426
19689
25055
21490
15781
20987
536870912
536870912
16017
28753
20133
536870912
24254
24308
20635
536870912
21833
17861
24698
18639
27056
23229
536870912
19484
536870912
24349
536870912
20019
21248
536870912
536870912
18868
22705
24621
21911
536870912
536870912
21436
27627
21389
19494
22683
536870912
19218
24673
17022
18868
14082
29400
19549
536870912
536870912
536870912
536870912
536870912
536870912
23381
21627
20619
22575
536870912
16960
24929
21062
22280
22178
20743
536870912
536870912
16732
29541
536870912
536870912
25233
536870912
18306
536870912
536870912
536870912
20451
536870912
20183
25263
18724
22014
21684
16531
29300
15441
21447
536870912
536870912
25768
20702
20501
536870912
26799
536870912
536870912
28722
29498
16957
24281
20964
25434
536870912
16893
536870912
20722
25768
17798
16403
26633
19327
536870912
536870912
21608
26799
26928
18569
22881
536870912
17874
24800
21201
21074
536870912
17358
21114
536870912
536870912
22031
21103
536870912
21911
24819
16732
28486
536870912
536870912
27381
15724
536870912
17413
26744
29059
19046
19928
536870912
536870912
16658
16741
26744
18919
19477
29594
20028
536870912
17836
536870912
536870912
24294
536870912
15580
536870912
536870912
15353
18759
16017
536870912
20080
536870912
26235
15725
15724
20415
536870912
536870912
20345
21947
22596
29788
18474
536870912
536870912
29708
536870912
19549
19594
536870912
536870912
29541
536870912
15941
15724
24463
17880
536870912
20573
26762
19471
21927
23815
18018
21369
23287
27649
29782
536870912
17273
17784
18657
536870912
536870912
26633
536870912
22683
19969
26851
536870912
19723
17436
536870912
536870912
20166
26689
29253
22545
15651
21488
25026
536870912
28975
25263
22398
16732
28446
23150
26951
20846
536870912
17524
26708
536870912
26096
536870912
21120
536870912
19256
24140
15927
536870912
536870912
18306
29568
27086
536870912
26319
25955
22576
536870912
22341
16557
23163
25182
16097
28341
19268
536870912
18350
536870912
536870912
26566
536870912
20775
536870912
19285
536870912
19941
536870912
17861
28345
16617
25026
536870912
536870912
536870912
19958
23308
20451
536870912
536870912
19052
17966
24863
27257
19328
536870912
22812
21861
20545
536870912
27987
17944
14356
536870912
17304
26875
536870912
21040
22522
17838
29122
29253
536870912
23172
19552
18018
24500
536870912
536870912
536870912
24407
536870912
27795
18350
536870912
22496
15044
23371
29220
19931
18628
29279
21114
536870912
27350
18569
536870912
536870912
536870912
26024
26270
20867
18959
536870912
536870912
536870912
536870912
26785
17162
26320
20092
21248
536870912
15605
17500
17381
536870912
17608
536870912
536870912
26918
536870912
15441
536870912
22899
536870912
24823
536870912
21759
16732
21183
19340
29911
536870912
536870912
23651
25030
15999
23004
21270
20487
536870912
29910
536870912
23628
536870912
536870912
536870912
536870912
536870912
536870912
29808
21405
536870912
536870912
25723
536870912
22705
22669
15796
20162
536870912
23142
536870912
536870912
536870912
21724
18306
27987
536870912
24903
17431
17778
17448
17771
536870912
20357
16574
17747
26716
28042
17770
25394
21476
28557
536870912
536870912
24426
536870912
15724
536870912
22944
19061
29788
536870912
16095
536870912
17413
21476
536870912
22663
536870912
536870912
21061
27384
22787
536870912
18700
19408
21907
22416
25233
24083
536870912
536870912
15605
536870912
536870912
536870912
536870912
16960
27540
536870912
17594
22356
536870912
26565
536870912
536870912
27677
536870912
536870912
28327
16526
536870912
19653
23950
16658
536870912
23815
26566
16001
17818
23048
536870912
18647
21608
21161
536870912
16620
536870912
536870912
14207
536870912
536870912
536870912
28723
20557
536870912
19557
24615
25955
20052
536870912
536870912
19911
21667
22138
15580
15907
16095
536870912
536870912
15651
536870912
536870912
536870912
21060
536870912
16940
536870912
536870912
21061
25271
21160
22044
22855
536870912
26685
27987
20412
19552
18311
28735
17796
536870912
24083
25531
21119
22460
27332
22356
25829
25461
20721
22704
15724
26210
23168
536870912
536870912
28819
17285
536870912
23620
536870912
22135
19327
27095
536870912
536870912
18504
536870912
26482
536870912
20183
536870912
23542
18656
26172
19285
20775
536870912
21571
25175
536870912
21103
536870912
16060
536870912
536870912
536870912
19326
536870912
21608
536870912
536870912
15897
19462
536870912
27704
536870912
536870912
18171
